Determining if the pthread_create exist failed with the following output:
Change Dir: /media/saber/easystore/libpbs/build-new/CMakeFiles/CMakeTmp

Run Build Command:"/usr/bin/make" "cmTC_5cfb7/fast"
/usr/bin/make -f CMakeFiles/cmTC_5cfb7.dir/build.make CMakeFiles/cmTC_5cfb7.dir/build
make[1]: Entering directory '/media/saber/easystore/libpbs/build-new/CMakeFiles/CMakeTmp'
Building C object CMakeFiles/cmTC_5cfb7.dir/CheckSymbolExists.c.o
/usr/bin/cc    -o CMakeFiles/cmTC_5cfb7.dir/CheckSymbolExists.c.o   -c /media/saber/easystore/libpbs/build-new/CMakeFiles/CMakeTmp/CheckSymbolExists.c
Linking C executable cmTC_5cfb7
/usr/bin/cmake -E cmake_link_script CMakeFiles/cmTC_5cfb7.dir/link.txt --verbose=1
/usr/bin/cc      -rdynamic CMakeFiles/cmTC_5cfb7.dir/CheckSymbolExists.c.o  -o cmTC_5cfb7 
CMakeFiles/cmTC_5cfb7.dir/CheckSymbolExists.c.o: In function `main':
CheckSymbolExists.c:(.text+0x1b): undefined reference to `pthread_create'
collect2: error: ld returned 1 exit status
CMakeFiles/cmTC_5cfb7.dir/build.make:97: recipe for target 'cmTC_5cfb7' failed
make[1]: *** [cmTC_5cfb7] Error 1
make[1]: Leaving directory '/media/saber/easystore/libpbs/build-new/CMakeFiles/CMakeTmp'
Makefile:126: recipe for target 'cmTC_5cfb7/fast' failed
make: *** [cmTC_5cfb7/fast] Error 2

File /media/saber/easystore/libpbs/build-new/CMakeFiles/CMakeTmp/CheckSymbolExists.c:
/* */
#include <pthread.h>

int main(int argc, char** argv)
{
  (void)argv;
#ifndef pthread_create
  return ((int*)(&pthread_create))[argc];
#else
  (void)argc;
  return 0;
#endif
}

Determining if the function pthread_create exists in the pthreads failed with the following output:
Change Dir: /media/saber/easystore/libpbs/build-new/CMakeFiles/CMakeTmp

Run Build Command:"/usr/bin/make" "cmTC_0aefd/fast"
/usr/bin/make -f CMakeFiles/cmTC_0aefd.dir/build.make CMakeFiles/cmTC_0aefd.dir/build
make[1]: Entering directory '/media/saber/easystore/libpbs/build-new/CMakeFiles/CMakeTmp'
Building C object CMakeFiles/cmTC_0aefd.dir/CheckFunctionExists.c.o
/usr/bin/cc   -DCHECK_FUNCTION_EXISTS=pthread_create   -o CMakeFiles/cmTC_0aefd.dir/CheckFunctionExists.c.o   -c /usr/share/cmake-3.10/Modules/CheckFunctionExists.c
Linking C executable cmTC_0aefd
/usr/bin/cmake -E cmake_link_script CMakeFiles/cmTC_0aefd.dir/link.txt --verbose=1
/usr/bin/cc  -DCHECK_FUNCTION_EXISTS=pthread_create    -rdynamic CMakeFiles/cmTC_0aefd.dir/CheckFunctionExists.c.o  -o cmTC_0aefd -lpthreads 
/usr/bin/ld: cannot find -lpthreads
collect2: error: ld returned 1 exit status
CMakeFiles/cmTC_0aefd.dir/build.make:97: recipe for target 'cmTC_0aefd' failed
make[1]: *** [cmTC_0aefd] Error 1
make[1]: Leaving directory '/media/saber/easystore/libpbs/build-new/CMakeFiles/CMakeTmp'
Makefile:126: recipe for target 'cmTC_0aefd/fast' failed
make: *** [cmTC_0aefd/fast] Error 2


